~DGst-2,04697,061,iR03HFhQ03EJ03EN03EH07CO0F8L01FO07CK07CN01IFEhP07FJ07F
N07FH0FEN01FCL03F8N0FEK0FEN07JF8hO0HF8I0HF8M0HF81HFN03FEL07FCM01HFJ01HFM
01KFChN01HFCH01HFCL01HFC3HF8M07HFL0HFEM03HF8I03HF8L01KFEgR01FCS01HFCH01H
FCL01HFC3HF8M07HFL0HFEM03HF8I03HF8L03LFgR01FCS03HFEH03HFEL03HFE7HFCM0IF8
J01IFM07HFCI07HFCL07HF9IFgR01FCS03HFEH03HFEL03HFE7HFCM0IF8J01IFM07HFCI07
HFCL0HFCH0HF8gQ01FCS03HFEH03HFEL03HFE7HFCM0IF8J01IFM07HFCI07HFCL0HFI07F8
gQ01FCS01HFCH01HFCL01HFC3HF8M07HFL0HFEM03HF8I03HF8K01HFI03FCgQ01FCS01HFC
H01HFCL01HFC3HF8M07HFL0HFEM03HF8I03HF8K01FEI03FCgQ01FCT0HF8I0HF8M0HF81HF
N03FEL07FCM01HFJ01HFL01FEI01FCH01HFL03FCJ07FCJ01HF8H01FCI03HFN07FJ07FN07
FH0FEN01FCL03F8N0FEK0FEL01FEI01FCH07HFEH03F0IFI03IF8I0JF01IFE01IFEM03EJ0
3EN03EH07CO0F8L01FO07CK07CL01HFI01FC01JFH03F3IF8H0JFCH03JF81IFE07JFiR01H
FM03JF803F7IFC01JFEH07JFC1IFE0KF8iQ01HFCL07JFC03KFE01KFH0KFE1IFE1KFCI0F8
Q07CN07CK07CW03EH07CT0IFL0KFE03KFE03KF80HFC7FE1IFE1HF8HFCH01FCQ0FEN0FEK0
FEW07FH0FET07HFEK0HF01HF03HF81HF03F807F81FEH0FE01FC03FC01FCH03FEP01HFM01
HFJ01HFW0HF81HFT07IFCI01FEH0HF03FEH0HF07FH03FC1FCH07F01FC03F8H0FEH07HFP0
3HF8L03HF8I03HF8U01HFC3HF8S03JFCH01FCH07F03FCH0HF07FH01FC3FCH07F01FC07F8
H0FEH07HFP03HF8L03HF8I03HF8U01HFC3HF8S01KF803F8H03F83F8H07F07FH01FC3F8H0
7F01FC07FI0FEH0IF8O07HFCL07HFCI07HFCU03HFE7HFCT07JFE03F8H03F83F8H07F07F8
J03F8H07F01FC07FI0FEH0IF8O07HFCL07HFCI07HFCU03HFE7HFCT01KF03F8H03F83FI07
F07FEO0HF01FCK01FEH0IF8O07HFCL07HFCI07HFCU03HFE7HFCU07JF83F8H03FC3FI07F0
3HFCM03HF01FCK07FEH07HFP03HF8L03HF8I03HF8U01HFC3HF8V0JFC7LFC3FI07F03IFEJ
01JF01FCI03IFEH07HFP03HF8L03HF8I03HF8U01HFC3HF8W0IFC7LFC3FI07F01JFCI0KF0
1FCH01JFEH03FEP01HFM01HFJ01HFW0HF81HFY0HFE7LFC3FI07FH0JFEH07KF01FCH0KFEH
01FCQ0FEN0FEK0FEW07FH0FEY07FE7LFC3FI07FH07JF80LF01FC01KFEI0F8Q07CN07CK07
CW03EH07CY03FE7LFC3FI07FI0JF81IFC7F01FC03IF8FEiR0FCI01FE7FL03FI07FJ0IFC1
HF807F01FC03HFH0FEiQ01FCI01FE7FL03FI07FJ01HFC3FCH07F01FC07F8H0FEI0F8W03E
O07CW03EW01FCI01FE3FL03FI07FK03FE3F8H07F01FC07FI0FEH01FCW07FO0FEW07FW01F
CI01FE3F8H01F83FI07F0FEH01FE3FI07F01FC07EI0FEH03FEW0HF8M01HFW0HF8V01FEI0
1FE3F8H03F83FI07F0FEI0FE3FI07F01FC07EI0FEH07HFV01HFCM03HF8U01HFCV01HFI03
FE1FCH03F83FI07F0FEI0FE3FI0HF01FC07EH01FEH07HFV01HFCM03HF8U01HFCV01HF8H0
3FE1FEH07F03FI07F0HFH01FE3F801HF01FC07FH03FEH0IF8U03HFEM07HFCU03HFEW0HFC
H0HFC1HFH0HF03FI07F07F801FC3F803HF01FC07FH07FEH0IF8U03HFEM07HFCU03HFEW07
HFE7HFC0KFE03FI07F07FE0HFC3FE0IF81HFC7FC1IFH0IF8U03HFEM07HFCU03HFEW07LF8
07JFE03FI07F03KF83LFE1HFC7LFC07HFV01HFCM03HF8U01HFCW01LFH03JFC03FI07F01K
F01JFBFE1HFC3JF7FC07HFV01HFCM03HF8U01HFCW01KFEH01JFH03FI07FH0JFEH0JF3FE0
HFC1IFE7FC03FEW0HF8M01HFW0HF8X07JF8I0IFEH03FI07FH07IFCH07HFC1FE0HFC0IF83
FC01FCW07FO0FEW07FY01IFEJ03HF8Q01IFI01HFH0FE03FC03FE01FCH0F8W03EO07CW03E
g03HFgG07F8zzzyI018jS01HFEK01EN03CL03CjS01HFEK01EN03CL03CjS01HFEK01EN03C
L018jS01HFEK01EN03CkH01E07C07E1EF8H7C0FC3C3F01F7H01F03F8jN01E1HF0HF1HFC7
FE1FE3C7F83HF3C7FC7FCjN01E1HF1HF9FBE7DF3HF3CHFC7HF3C7FCF3CjN01E3E7BE79F1
E78F3CF3CF3C79F3CF9EFjP01E3C3BC39E1E78F787BDE1EF0F3CF0EFEjO01E3HFBC01E1E
78F787BDE1EF0F3CHFE7FCjN01E3HFBC01E1E78F787BDE1EF0F3CHFE3FCjN01E3803C79E
1E78F787BDE1EF0F3CEI07EjN01E3C7BE79E1E78F3CF3CF3C79F3CF1EF1EjN01E3HF9HF9
E1E78F3HF3CHFC7HF3CHFEHFCjN01E1HF0HF1E1E78F1FE3C7F83HF3C7FC7FCjN01E07C07
C1E1E78F0FC3C3FH0E73C1F03FkR070FkY07HFkY03FEkY01FCgL0
