~DGst-2,04697,061,0000000000000000000000000000000000000000000000000000000000000000000000003FF00000000000000000000000000000000000000000000000
00003E00003E000000003E007C000000000F80000001F0000000007C000007C000000001FFFE0000000000000000000000000000000000000000000000
00007F00007F000000007F00FE000000001FC0000003F800000000FE00000FE000000007FFFF8000000000000000000000000000000000000000000000
0000FF8000FF80000000FF81FF000000003FE0000007FC00000001FF00001FF00000001FFFFFC000000000000000000000000000000000000000000000
0001FFC001FFC0000001FFC3FF800000007FF000000FFE00000003FF80003FF80000001FFFFFE000000000000000000000000000000001FC0000000000
0001FFC001FFC0000001FFC3FF800000007FF000000FFE00000003FF80003FF80000003FFFFFF000000000000000000000000000000001FC0000000000
0003FFE003FFE0000003FFE7FFC0000000FFF800001FFF00000007FFC0007FFC0000007FF9FFF000000000000000000000000000000001FC0000000000
0003FFE003FFE0000003FFE7FFC0000000FFF800001FFF00000007FFC0007FFC000000FFC00FF800000000000000000000000000000001FC0000000000
0003FFE003FFE0000003FFE7FFC0000000FFF800001FFF00000007FFC0007FFC000000FF0007F800000000000000000000000000000001FC0000000000
0001FFC001FFC0000001FFC3FF800000007FF000000FFE00000003FF80003FF8000001FF0003FC00000000000000000000000000000001FC0000000000
0001FFC001FFC0000001FFC3FF800000007FF000000FFE00000003FF80003FF8000001FE0003FC00000000000000000000000000000001FC0000000000
0000FF8000FF80000000FF81FF000000003FE0000007FC00000001FF00001FF0000001FE0001FC001FF0000003FC00007FC00001FF8001FC0003FF0000
00007F00007F000000007F00FE000000001FC0000003F800000000FE00000FE0000001FE0001FC007FFE003F0FFF0003FFF8000FFFF01FFFE01FFFE000
00003E00003E000000003E007C000000000F80000001F0000000007C000007C0000001FF0001FC01FFFF003F3FFF800FFFFC003FFFF81FFFE07FFFF000
0000000000000000000000000000000000000000000000000000000000000000000001FF00000003FFFF803F7FFFC01FFFFE007FFFFC1FFFE0FFFFF800
0000000000000000000000000000000000000000000000000000000000000000000001FFC0000007FFFFC03FFFFFE01FFFFF00FFFFFE1FFFE1FFFFFC00
0F8000000000007C000000007C000007C000000000000000003E007C00000000000000FFF000000FFFFFE03FFFFFE03FFFFF80FFC7FE1FFFE1FF8FFC00
1FC00000000000FE00000000FE00000FE000000000000000007F00FE000000000000007FFE00000FF01FF03FF81FF03F807F81FE00FE01FC03FC01FC00
3FE00000000001FF00000001FF00001FF00000000000000000FF81FF000000000000007FFFC0001FE00FF03FE00FF07F003FC1FC007F01FC03F800FE00
7FF00000000003FF80000003FF80003FF80000000000000001FFC3FF800000000000003FFFFC001FC007F03FC00FF07F001FC3FC007F01FC07F800FE00
7FF00000000003FF80000003FF80003FF80000000000000001FFC3FF800000000000001FFFFF803F8003F83F8007F07F001FC3F8007F01FC07F000FE00
FFF80000000007FFC0000007FFC0007FFC0000000000000003FFE7FFC000000000000007FFFFE03F8003F83F8007F07F800003F8007F01FC07F000FE00
FFF80000000007FFC0000007FFC0007FFC0000000000000003FFE7FFC000000000000001FFFFF03F8003F83F0007F07FE000000000FF01FC000001FE00
FFF80000000007FFC0000007FFC0007FFC0000000000000003FFE7FFC0000000000000007FFFF83F8003FC3F0007F03FFC00000003FF01FC000007FE00
7FF00000000003FF80000003FF80003FF80000000000000001FFC3FF80000000000000000FFFFC7FFFFFFC3F0007F03FFFE00001FFFF01FC0003FFFE00
7FF00000000003FF80000003FF80003FF80000000000000001FFC3FF800000000000000000FFFC7FFFFFFC3F0007F01FFFFC000FFFFF01FC001FFFFE00
3FE00000000001FF00000001FF00001FF00000000000000000FF81FF0000000000000000000FFE7FFFFFFC3F0007F00FFFFE007FFFFF01FC00FFFFFE00
1FC00000000000FE00000000FE00000FE000000000000000007F00FE00000000000000000007FE7FFFFFFC3F0007F007FFFF80FFFFFF01FC01FFFFFE00
0F8000000000007C000000007C000007C000000000000000003E007C00000000000000000003FE7FFFFFFC3F0007F000FFFF81FFFC7F01FC03FFF8FE00
0000000000000000000000000000000000000000000000000000000000000000000000FC0001FE7F0000003F0007F0000FFFC1FF807F01FC03FF00FE00
0000000000000000000000000000000000000000000000000000000000000000000001FC0001FE7F0000003F0007F00001FFC3FC007F01FC07F800FE00
0F8000000000000000003E0000000007C000000000000000003E000000000000000001FC0001FE3F0000003F0007F000003FE3F8007F01FC07F000FE00
1FC000000000000000007F000000000FE000000000000000007F000000000000000001FC0001FE3F8001F83F0007F0FE001FE3F0007F01FC07E000FE00
3FE00000000000000000FF800000001FF00000000000000000FF800000000000000001FE0001FE3F8003F83F0007F0FE000FE3F0007F01FC07E000FE00
7FF00000000000000001FFC00000003FF80000000000000001FFC00000000000000001FF0003FE1FC003F83F0007F0FE000FE3F000FF01FC07E001FE00
7FF00000000000000001FFC00000003FF80000000000000001FFC00000000000000001FF8003FE1FE007F03F0007F0FF001FE3F801FF01FC07F003FE00
FFF80000000000000003FFE00000007FFC0000000000000003FFE00000000000000000FFC00FFC1FF00FF03F0007F07F801FC3F803FF01FC07F007FE00
FFF80000000000000003FFE00000007FFC0000000000000003FFE000000000000000007FFE7FFC0FFFFFE03F0007F07FE0FFC3FE0FFF81FFC7FC1FFF00
FFF80000000000000003FFE00000007FFC0000000000000003FFE000000000000000007FFFFFF807FFFFE03F0007F03FFFFF83FFFFFFE1FFC7FFFFFFC0
7FF00000000000000001FFC00000003FF80000000000000001FFC000000000000000001FFFFFF003FFFFC03F0007F01FFFFF01FFFFBFE1FFC3FFFF7FC0
7FF00000000000000001FFC00000003FF80000000000000001FFC000000000000000001FFFFFE001FFFF003F0007F00FFFFE00FFFF3FE0FFC1FFFE7FC0
3FE00000000000000000FF800000001FF00000000000000000FF80000000000000000007FFFF8000FFFE003F0007F007FFFC007FFC1FE0FFC0FFF83FC0
1FC000000000000000007F000000000FE000000000000000007F00000000000000000001FFFE00003FF8000000000001FFF0001FF00FE03FC03FE01FC0
0F8000000000000000003E0000000007C000000000000000003E000000000000000000003FF0000000000000000000007F800000000000000000000000
00000000000000000000000000000000000000000000000000000000000000000000000000000000000000000000000000000000000000000000000000
00000000000000000000000000000000000000000000000000000000000000000000000000000000000000000000000000000000000000000000000000
00000000000000000000000000000000000000000000000000000000000000000000000000000000000000000000000000000000000000000000000000
00000000000000000000000000000000000000000000000000000000000000000000000000000000000000000000000000000000000000000000000000
00000000000000000000000000000000000000000000000000000000000000000000000000000000000000000000000000000000000000000000000000
00000000000000000000000000000000000000000000000000000000000000000000000000000000000000000000000000000000000000000000000000
00000000000000000000000000000000000000000000000000000000000000000000000000000000000000000000000000000000000000000000000000
00000000000000000000000000000000000000000000000000000000000000000000000000000000000000000000000000000000000000000000000000
00000000000000000000000000000000000000000000000000000000000000000000000000000000000000000000000000000000000000000000000000
00000000000000000000000000000000000000000000000000000000000000000000000000000000000000000000000000000000000000000000000000
00000000000000000000000000000000000000000000000000000000000000000000000000000000000000000000000000000000000000000000000000
00000000000000000000000000000000000000000000000000000000000000000000000000000000000000000000000000000000000000000000000000
00000000000000000000000000000000000000000000000000000000000000000000000000000000000000000000000018000000000000000000000000
0000000000000000000000000000000000000000000000000000000000000000000001FFE000001E000000003C0000003C000000000000000000000000
0000000000000000000000000000000000000000000000000000000000000000000001FFE000001E000000003C0000003C000000000000000000000000
0000000000000000000000000000000000000000000000000000000000000000000001FFE000001E000000003C00000018000000000000000000000000
0000000000000000000000000000000000000000000000000000000000000000000001FFE000001E000000003C00000000000000000000000000000000
00000000000000000000000000000000000000000000000000000000000000000000001E07C07E1EF877C0FC3C3F01F7001F03F8000000000000000000
00000000000000000000000000000000000000000000000000000000000000000000001E1FF0FF1FFC7FE1FE3C7F83FF3C7FC7FC000000000000000000
00000000000000000000000000000000000000000000000000000000000000000000001E1FF1FF9FBE7DF3FF3CFFC7FF3C7FCF3C000000000000000000
00000000000000000000000000000000000000000000000000000000000000000000001E3E7BE79F1E78F3CF3CF3C79F3CF9EF00000000000000000000
00000000000000000000000000000000000000000000000000000000000000000000001E3C3BC39E1E78F787BDE1EF0F3CF0EFE0000000000000000000
00000000000000000000000000000000000000000000000000000000000000000000001E3FFBC01E1E78F787BDE1EF0F3CFFE7FC000000000000000000
00000000000000000000000000000000000000000000000000000000000000000000001E3FFBC01E1E78F787BDE1EF0F3CFFE3FC000000000000000000
00000000000000000000000000000000000000000000000000000000000000000000001E3803C79E1E78F787BDE1EF0F3CE0007E000000000000000000
00000000000000000000000000000000000000000000000000000000000000000000001E3C7BE79E1E78F3CF3CF3C79F3CF1EF1E000000000000000000
00000000000000000000000000000000000000000000000000000000000000000000001E3FF9FF9E1E78F3FF3CFFC7FF3CFFEFFC000000000000000000
00000000000000000000000000000000000000000000000000000000000000000000001E1FF0FF1E1E78F1FE3C7F83FF3C7FC7FC000000000000000000
00000000000000000000000000000000000000000000000000000000000000000000001E07C07C1E1E78F0FC3C3F00E73C1F03F0000000000000000000
00000000000000000000000000000000000000000000000000000000000000000000000000000000000000000000070F00000000000000000000000000
0000000000000000000000000000000000000000000000000000000000000000000000000000000000000000000007FF00000000000000000000000000
0000000000000000000000000000000000000000000000000000000000000000000000000000000000000000000003FE00000000000000000000000000
0000000000000000000000000000000000000000000000000000000000000000000000000000000000000000000001FC00000000000000000000000000
